This is pdfTeX, Version 3.1415926-1.40.10 (TeX Live 2009) (format=pdflatex 2009.11.7)  21 FEB 2013 15:27
entering extended mode
 \write18 enabled.
 file:line:error style messages enabled.
 %&-line parsing enabled.
**gz2_gallery.tex
(./gz2_gallery.tex
LaTeX2e <2009/09/24>
Babel <v3.8l> and hyphenation patterns for english, usenglishmax, dumylang, noh
yphenation, german-x-2009-06-19, ngerman-x-2009-06-19, ancientgreek, ibycus, ar
abic, basque, bulgarian, catalan, pinyin, coptic, croatian, czech, danish, dutc
h, esperanto, estonian, farsi, finnish, french, galician, german, ngerman, mono
greek, greek, hungarian, icelandic, indonesian, interlingua, irish, italian, ku
rmanji, latin, latvian, lithuanian, mongolian, mongolian2a, bokmal, nynorsk, po
lish, portuguese, romanian, russian, sanskrit, serbian, slovak, slovenian, span
ish, swedish, turkish, ukenglish, ukrainian, uppersorbian, welsh, loaded.
(/Users/willettk/Library/texmf/tex/latex/mn2e.cls
Document Class: mn2e 2001/02/06 v2.2 LaTeX2e MN document class
Document Style `MN' v2.2, released 2001 February 20
\math@groups=\toks14
LaTeX Font Info:    Overwriting symbol font `symbols' in version `bold'
(Font)                  OMS/cmsy/b/n --> OMS/cmsy/b/n on input line 223.
\symbmisymbols=\mathgroup4
\symUPM=\mathgroup5
LaTeX Font Info:    Overwriting symbol font `UPM' in version `bold'
(Font)                  U/eur/m/n --> U/eur/b/n on input line 260.
\symAMSa=\mathgroup6
\SFB@measure=\dimen102
\realparindent=\skip41
\c@part=\count79
\c@section=\count80
\c@subsection=\count81
\c@subsubsection=\count82
\c@paragraph=\count83
\c@subparagraph=\count84
\@indentskip=\skip42
\smallindent=\skip43
\@footindent=\skip44
\@leftskip=\skip45
\c@dummy=\count85
(/Users/willettk/Library/texmf/tex/latex/natbib.sty
Package: natbib 2003/06/06 7.1 (PWD)
\bibhang=\skip46
\bibsep=\skip47
LaTeX Info: Redefining \cite on input line 518.
\c@NAT@ctr=\count86
)
\c@table=\count87
\c@figure=\count88
\mathindent=\dimen103
)
(/usr/local/texlive/2009/texmf-dist/tex/latex/graphics/graphicx.sty
Package: graphicx 1999/02/16 v1.0f Enhanced LaTeX Graphics (DPC,SPQR)

(/usr/local/texlive/2009/texmf-dist/tex/latex/graphics/keyval.sty
Package: keyval 1999/03/16 v1.13 key=value parser (DPC)
\KV@toks@=\toks15
)
(/usr/local/texlive/2009/texmf-dist/tex/latex/graphics/graphics.sty
Package: graphics 2009/02/05 v1.0o Standard LaTeX Graphics (DPC,SPQR)

(/usr/local/texlive/2009/texmf-dist/tex/latex/graphics/trig.sty
Package: trig 1999/03/16 v1.09 sin cos tan (DPC)
)
(/usr/local/texlive/2009/texmf-dist/tex/latex/latexconfig/graphics.cfg
File: graphics.cfg 2009/08/28 v1.8 graphics configuration of TeX Live
)
Package graphics Info: Driver file: pdftex.def on input line 91.

(/usr/local/texlive/2009/texmf-dist/tex/latex/pdftex-def/pdftex.def
File: pdftex.def 2009/08/25 v0.04m Graphics/color for pdfTeX
\Gread@gobject=\count89
))
\Gin@req@height=\dimen104
\Gin@req@width=\dimen105
)
(/usr/local/texlive/2009/texmf-dist/tex/latex/tools/verbatim.sty
Package: verbatim 2003/08/22 v1.5q LaTeX2e package for verbatim enhancements
\every@verbatim=\toks16
\verbatim@line=\toks17
\verbatim@in@stream=\read1
)
(/usr/local/texlive/2009/texmf-dist/tex/latex/amsmath/amsmath.sty
Package: amsmath 2000/07/18 v2.13 AMS math features
\@mathmargin=\skip48

For additional information on amsmath, use the `?' option.
(/usr/local/texlive/2009/texmf-dist/tex/latex/amsmath/amstext.sty
Package: amstext 2000/06/29 v2.01

(/usr/local/texlive/2009/texmf-dist/tex/latex/amsmath/amsgen.sty
File: amsgen.sty 1999/11/30 v2.0
\@emptytoks=\toks18
\ex@=\dimen106
))
(/usr/local/texlive/2009/texmf-dist/tex/latex/amsmath/amsbsy.sty
Package: amsbsy 1999/11/29 v1.2d
\pmbraise@=\dimen107
)
(/usr/local/texlive/2009/texmf-dist/tex/latex/amsmath/amsopn.sty
Package: amsopn 1999/12/14 v2.01 operator names
)
\inf@bad=\count90
LaTeX Info: Redefining \frac on input line 211.
\uproot@=\count91
\leftroot@=\count92
LaTeX Info: Redefining \overline on input line 307.
\classnum@=\count93
\DOTSCASE@=\count94
LaTeX Info: Redefining \ldots on input line 379.
LaTeX Info: Redefining \dots on input line 382.
LaTeX Info: Redefining \cdots on input line 467.
\Mathstrutbox@=\box26
\strutbox@=\box27
\big@size=\dimen108
LaTeX Font Info:    Redeclaring font encoding OML on input line 567.
LaTeX Font Info:    Redeclaring font encoding OMS on input line 568.
\macc@depth=\count95
\c@MaxMatrixCols=\count96
\dotsspace@=\muskip10
\c@parentequation=\count97
\dspbrk@lvl=\count98
\tag@help=\toks19
\row@=\count99
\column@=\count100
\maxfields@=\count101
\andhelp@=\toks20
\eqnshift@=\dimen109
\alignsep@=\dimen110
\tagshift@=\dimen111
\tagwidth@=\dimen112
\totwidth@=\dimen113
\lineht@=\dimen114
\@envbody=\toks21
\multlinegap=\skip49
\multlinetaggap=\skip50
\mathdisplay@stack=\toks22
LaTeX Info: Redefining \[ on input line 2666.
LaTeX Info: Redefining \] on input line 2667.
)
(/usr/local/texlive/2009/texmf-dist/tex/latex/graphics/color.sty
Package: color 2005/11/14 v1.0j Standard LaTeX Color (DPC)

(/usr/local/texlive/2009/texmf-dist/tex/latex/latexconfig/color.cfg
File: color.cfg 2007/01/18 v1.5 color configuration of teTeX/TeXLive
)
Package color Info: Driver file: pdftex.def on input line 130.
)
(./deluxetable.sty
Package: deluxetable 
\pt@box=\box28
\pt@width=\dimen115
\pt@line=\count102
\pt@column=\count103
\pt@nlines=\count104
\pt@ncol=\count105
\pt@page=\count106
\pt@tmpcapwidth=\dimen116
)
(/usr/local/texlive/2009/texmf-dist/tex/latex/tools/enumerate.sty
Package: enumerate 1999/03/05 v3.00 enumerate extensions (DPC)
\@enLab=\toks23
)
(/usr/local/texlive/2009/texmf-dist/tex/latex/comment/comment.sty
\CommentStream=\write3

Excluding comment 'comment')
(/usr/local/texlive/2009/texmf-dist/tex/latex/hyperref/hyperref.sty
Package: hyperref 2009/10/09 v6.79a Hypertext links for LaTeX

(/usr/local/texlive/2009/texmf-dist/tex/generic/oberdiek/ifpdf.sty
Package: ifpdf 2009/04/10 v2.0 Provides the ifpdf switch (HO)
Package ifpdf Info: pdfTeX in pdf mode detected.
)
(/usr/local/texlive/2009/texmf-dist/tex/generic/oberdiek/ifvtex.sty
Package: ifvtex 2008/11/04 v1.4 Switches for detecting VTeX and its modes (HO)
Package ifvtex Info: VTeX not detected.
)
(/usr/local/texlive/2009/texmf-dist/tex/generic/ifxetex/ifxetex.sty
Package: ifxetex 2009/01/23 v0.5 Provides ifxetex conditional
)
(/usr/local/texlive/2009/texmf-dist/tex/latex/oberdiek/hycolor.sty
Package: hycolor 2009/10/02 v1.5 Code for color options of hyperref/bookmark (H
O)

(/usr/local/texlive/2009/texmf-dist/tex/latex/oberdiek/xcolor-patch.sty
Package: xcolor-patch 2009/10/02 xcolor patch
))
\@linkdim=\dimen117
\Hy@linkcounter=\count107
\Hy@pagecounter=\count108

(/usr/local/texlive/2009/texmf-dist/tex/latex/hyperref/pd1enc.def
File: pd1enc.def 2009/10/09 v6.79a Hyperref: PDFDocEncoding definition (HO)
)
(/usr/local/texlive/2009/texmf-dist/tex/generic/oberdiek/etexcmds.sty
Package: etexcmds 2007/12/12 v1.2 Prefix for e-TeX command names (HO)

(/usr/local/texlive/2009/texmf-dist/tex/generic/oberdiek/infwarerr.sty
Package: infwarerr 2007/09/09 v1.2 Providing info/warning/message (HO)
)
Package etexcmds Info: Could not find \expanded.
(etexcmds)             That can mean that you are not using pdfTeX 1.50 or
(etexcmds)             that some package has redefined \expanded.
(etexcmds)             In the latter case, load this package earlier.
)

Package hyperref Warning: Height of page (\paperheight) is invalid (0.0pt),
(hyperref)                using 11in.

(/usr/local/texlive/2009/texmf-dist/tex/latex/latexconfig/hyperref.cfg
File: hyperref.cfg 2002/06/06 v1.2 hyperref configuration of TeXLive
)
(/usr/local/texlive/2009/texmf-dist/tex/latex/oberdiek/kvoptions.sty
Package: kvoptions 2009/08/13 v3.4 Keyval support for LaTeX options (HO)

(/usr/local/texlive/2009/texmf-dist/tex/generic/oberdiek/kvsetkeys.sty
Package: kvsetkeys 2009/07/30 v1.5 Key value parser with default handler suppor
t (HO)
))
Package hyperref Info: Hyper figures OFF on input line 2975.
Package hyperref Info: Link nesting OFF on input line 2980.
Package hyperref Info: Hyper index ON on input line 2983.
Package hyperref Info: Plain pages OFF on input line 2990.
Package hyperref Info: Backreferencing OFF on input line 2995.

Implicit mode ON; LaTeX internals redefined
Package hyperref Info: Bookmarks ON on input line 3191.
(/usr/local/texlive/2009/texmf-dist/tex/latex/ltxmisc/url.sty
\Urlmuskip=\muskip11
Package: url 2006/04/12  ver 3.3  Verb mode for urls, etc.
)
LaTeX Info: Redefining \url on input line 3428.

(/usr/local/texlive/2009/texmf-dist/tex/generic/oberdiek/bitset.sty
Package: bitset 2007/09/28 v1.0 Data type bit set (HO)

(/usr/local/texlive/2009/texmf-dist/tex/generic/oberdiek/intcalc.sty
Package: intcalc 2007/09/27 v1.1 Expandable integer calculations (HO)
)
(/usr/local/texlive/2009/texmf-dist/tex/generic/oberdiek/bigintcalc.sty
Package: bigintcalc 2007/11/11 v1.1 Expandable big integer calculations (HO)

(/usr/local/texlive/2009/texmf-dist/tex/generic/oberdiek/pdftexcmds.sty
Package: pdftexcmds 2009/09/23 v0.6 LuaTeX support for pdfTeX utility functions
 (HO)

(/usr/local/texlive/2009/texmf-dist/tex/generic/oberdiek/ifluatex.sty
Package: ifluatex 2009/04/17 v1.2 Provides the ifluatex switch (HO)
Package ifluatex Info: LuaTeX not detected.
)
(/usr/local/texlive/2009/texmf-dist/tex/generic/oberdiek/ltxcmds.sty
Package: ltxcmds 2009/08/05 v1.0 Some LaTeX kernel commands for general use (HO
)
)
Package pdftexcmds Info: LuaTeX not detected.
Package pdftexcmds Info: \pdf@primitive is available.
Package pdftexcmds Info: \pdf@ifprimitive is available.
)))
\Fld@menulength=\count109
\Field@Width=\dimen118
\Fld@charsize=\dimen119
\Field@toks=\toks24
Package hyperref Info: Hyper figures OFF on input line 4377.
Package hyperref Info: Link nesting OFF on input line 4382.
Package hyperref Info: Hyper index ON on input line 4385.
Package hyperref Info: backreferencing OFF on input line 4392.
Package hyperref Info: Link coloring OFF on input line 4397.
Package hyperref Info: Link coloring with OCG OFF on input line 4402.
Package hyperref Info: PDF/A mode OFF on input line 4407.

(/usr/local/texlive/2009/texmf-dist/tex/generic/oberdiek/atbegshi.sty
Package: atbegshi 2008/07/31 v1.9 At begin shipout hook (HO)
)
\Hy@abspage=\count110
\c@Item=\count111
\c@Hfootnote=\count112
)
*hyperref using default driver hpdftex*
(/usr/local/texlive/2009/texmf-dist/tex/latex/hyperref/hpdftex.def
File: hpdftex.def 2009/10/09 v6.79a Hyperref driver for pdfTeX
\Fld@listcount=\count113
)
(./gz2_gallery.aux)
\openout1 = `gz2_gallery.aux'.

LaTeX Font Info:    Checking defaults for OML/cmm/m/it on input line 63.
LaTeX Font Info:    ... okay on input line 63.
LaTeX Font Info:    Checking defaults for T1/cmr/m/n on input line 63.
LaTeX Font Info:    ... okay on input line 63.
LaTeX Font Info:    Checking defaults for OT1/cmr/m/n on input line 63.
LaTeX Font Info:    ... okay on input line 63.
LaTeX Font Info:    Checking defaults for OMS/cmsy/m/n on input line 63.
LaTeX Font Info:    ... okay on input line 63.
LaTeX Font Info:    Checking defaults for OMX/cmex/m/n on input line 63.
LaTeX Font Info:    ... okay on input line 63.
LaTeX Font Info:    Checking defaults for U/cmr/m/n on input line 63.
LaTeX Font Info:    ... okay on input line 63.
LaTeX Font Info:    Checking defaults for PD1/pdf/m/n on input line 63.
LaTeX Font Info:    ... okay on input line 63.

(/usr/local/texlive/2009/texmf-dist/tex/context/base/supp-pdf.mkii
[Loading MPS to PDF converter (version 2006.09.02).]
\scratchcounter=\count114
\scratchdimen=\dimen120
\scratchbox=\box29
\nofMPsegments=\count115
\nofMParguments=\count116
\everyMPshowfont=\toks25
\MPscratchCnt=\count117
\MPscratchDim=\dimen121
\MPnumerator=\count118
\everyMPtoPDFconversion=\toks26
)
Package hyperref Info: Link coloring OFF on input line 63.
 (/usr/local/texlive/2009/texmf-dist/tex/latex/hyperref/nameref.sty
Package: nameref 2007/05/29 v2.31 Cross-referencing by name of section

(/usr/local/texlive/2009/texmf-dist/tex/latex/oberdiek/refcount.sty
Package: refcount 2008/08/11 v3.1 Data extraction from references (HO)
)
\c@section@level=\count119
)
LaTeX Info: Redefining \ref on input line 63.
LaTeX Info: Redefining \pageref on input line 63.

(./gz2_gallery.out) (./gz2_gallery.out)
\@outlinefile=\write4
\openout4 = `gz2_gallery.out'.

\AtBeginShipoutBox=\box30
LaTeX Font Info:    Try loading font information for U+eur on input line 70.

(/usr/local/texlive/2009/texmf-dist/tex/latex/amsfonts/ueur.fd
File: ueur.fd 2009/06/22 v3.00 Euler Roman
)
LaTeX Font Info:    Try loading font information for U+msa on input line 70.

(/usr/local/texlive/2009/texmf-dist/tex/latex/amsfonts/umsa.fd
File: umsa.fd 2009/06/22 v3.00 AMS symbols A
)
Underfull \hbox (badness 10000) in paragraph at lines 70--70

 []


Package hyperref Warning: Empty destination name,
(hyperref)                using `UNDEFINED' on input line 82.


LaTeX Warning: Reference `lastpage' on page 1 undefined on input line 82.

LaTeX Font Info:    Try loading font information for OMS+cmr on input line 82.
(/usr/local/texlive/2009/texmf-dist/tex/latex/base/omscmr.fd
File: omscmr.fd 1999/05/25 v2.5h Standard LaTeX font definitions
)
LaTeX Font Info:    Font shape `OMS/cmr/m/n' in size <8> not available
(Font)              Font shape `OMS/cmsy/m/n' tried instead on input line 82.
 [1{/usr/local/texlive/2009/texmf-var/fonts/map/pdftex/updmap/pdftex.map}




]
<figures/gallery/smooth.png, id=22, 636.3775pt x 764.8575pt>
File: figures/gallery/smooth.png Graphic file (type png)

<use figures/gallery/smooth.png>
Overfull \hbox (1.88858pt too wide) in paragraph at lines 84--86
 [][] 
 []


Underfull \vbox (badness 10000) has occurred while \output is active []



Package hyperref Warning: Empty destination name,
(hyperref)                using `UNDEFINED' on input line 90.


LaTeX Warning: Reference `lastpage' on page 2 undefined on input line 90.

[2 <./figures/gallery/smooth.png (PNG copy)>]
<figures/gallery/features.png, id=33, 641.39626pt x 767.86874pt>
File: figures/gallery/features.png Graphic file (type png)

<use figures/gallery/features.png>
Overfull \hbox (1.90474pt too wide) in paragraph at lines 92--93
 [][] 
 []


Underfull \vbox (badness 10000) has occurred while \output is active []



Package hyperref Warning: Empty destination name,
(hyperref)                using `UNDEFINED' on input line 97.


LaTeX Warning: Reference `lastpage' on page 3 undefined on input line 97.

[3 <./figures/gallery/features.png (PNG copy)>]
<figures/gallery/artifact.png, id=43, 637.38126pt x 760.8425pt>
File: figures/gallery/artifact.png Graphic file (type png)

<use figures/gallery/artifact.png>
Overfull \hbox (1.889pt too wide) in paragraph at lines 99--100
 [][] 
 []


Underfull \vbox (badness 10000) has occurred while \output is active []



Package hyperref Warning: Empty destination name,
(hyperref)                using `UNDEFINED' on input line 104.


LaTeX Warning: Reference `lastpage' on page 4 undefined on input line 104.

[4 <./figures/gallery/artifact.png (PNG copy)>]
<figures/gallery/edgeon.png, id=52, 638.385pt x 763.85374pt>
File: figures/gallery/edgeon.png Graphic file (type png)

<use figures/gallery/edgeon.png>
Overfull \hbox (1.89665pt too wide) in paragraph at lines 106--107
 [][] 
 []


Underfull \vbox (badness 10000) has occurred while \output is active []



Package hyperref Warning: Empty destination name,
(hyperref)                using `UNDEFINED' on input line 111.


LaTeX Warning: Reference `lastpage' on page 5 undefined on input line 111.

[5 <./figures/gallery/edgeon.png (PNG copy)>]
<figures/gallery/notedgeon.png, id=61, 638.385pt x 763.85374pt>
File: figures/gallery/notedgeon.png Graphic file (type png)

<use figures/gallery/notedgeon.png>
Overfull \hbox (1.89665pt too wide) in paragraph at lines 113--114
 [][] 
 []


Underfull \vbox (badness 10000) has occurred while \output is active []



Package hyperref Warning: Empty destination name,
(hyperref)                using `UNDEFINED' on input line 118.


LaTeX Warning: Reference `lastpage' on page 6 undefined on input line 118.

[6 <./figures/gallery/notedgeon.png (PNG copy)>]
<figures/gallery/bar.png, id=70, 640.3925pt x 765.86125pt>
File: figures/gallery/bar.png Graphic file (type png)

<use figures/gallery/bar.png>
Overfull \hbox (1.89476pt too wide) in paragraph at lines 120--121
 [][] 
 []


Underfull \vbox (badness 10000) has occurred while \output is active []



Package hyperref Warning: Empty destination name,
(hyperref)                using `UNDEFINED' on input line 125.


LaTeX Warning: Reference `lastpage' on page 7 undefined on input line 125.

[7 <./figures/gallery/bar.png (PNG copy)>]
<figures/gallery/nobar.png, id=80, 638.385pt x 762.85pt>
File: figures/gallery/nobar.png Graphic file (type png)

<use figures/gallery/nobar.png>
Overfull \hbox (1.89665pt too wide) in paragraph at lines 127--128
 [][] 
 []


Underfull \vbox (badness 10000) has occurred while \output is active []



Package hyperref Warning: Empty destination name,
(hyperref)                using `UNDEFINED' on input line 132.


LaTeX Warning: Reference `lastpage' on page 8 undefined on input line 132.

[8 <./figures/gallery/nobar.png (PNG copy)>]
<figures/gallery/spiral.png, id=89, 638.385pt x 760.8425pt>
File: figures/gallery/spiral.png Graphic file (type png)

<use figures/gallery/spiral.png>
Overfull \hbox (1.89665pt too wide) in paragraph at lines 134--135
 [][] 
 []


Underfull \vbox (badness 10000) has occurred while \output is active []



Package hyperref Warning: Empty destination name,
(hyperref)                using `UNDEFINED' on input line 139.


LaTeX Warning: Reference `lastpage' on page 9 undefined on input line 139.

[9 <./figures/gallery/spiral.png (PNG copy)>]
<figures/gallery/nospiral.png, id=98, 634.37pt x 760.8425pt>
File: figures/gallery/nospiral.png Graphic file (type png)

<use figures/gallery/nospiral.png>
Overfull \hbox (1.90921pt too wide) in paragraph at lines 141--142
 [][] 
 []


Underfull \vbox (badness 10000) has occurred while \output is active []



Package hyperref Warning: Empty destination name,
(hyperref)                using `UNDEFINED' on input line 146.


LaTeX Warning: Reference `lastpage' on page 10 undefined on input line 146.

[10 <./figures/gallery/nospiral.png (PNG copy)>]
<figures/gallery/nobulge.png, id=107, 639.38875pt x 761.84625pt>
File: figures/gallery/nobulge.png Graphic file (type png)

<use figures/gallery/nobulge.png>
Overfull \hbox (1.89207pt too wide) in paragraph at lines 148--149
 [][] 
 []


Underfull \vbox (badness 10000) has occurred while \output is active []



Package hyperref Warning: Empty destination name,
(hyperref)                using `UNDEFINED' on input line 153.


LaTeX Warning: Reference `lastpage' on page 11 undefined on input line 153.

[11 <./figures/gallery/nobulge.png (PNG copy)>]
<figures/gallery/justnoticeable.png, id=116, 639.38875pt x 764.8575pt>
File: figures/gallery/justnoticeable.png Graphic file (type png)

<use figures/gallery/justnoticeable.png>
Overfull \hbox (1.89207pt too wide) in paragraph at lines 155--156
 [][] 
 []


Underfull \vbox (badness 10000) has occurred while \output is active []



Package hyperref Warning: Empty destination name,
(hyperref)                using `UNDEFINED' on input line 160.


LaTeX Warning: Reference `lastpage' on page 12 undefined on input line 160.

[12 <./figures/gallery/justnoticeable.png (PNG copy)>]
<figures/gallery/obvious.png, id=125, 636.3775pt x 763.85374pt>
File: figures/gallery/obvious.png Graphic file (type png)

<use figures/gallery/obvious.png>
Overfull \hbox (1.88858pt too wide) in paragraph at lines 162--163
 [][] 
 []


Underfull \vbox (badness 10000) has occurred while \output is active []



Package hyperref Warning: Empty destination name,
(hyperref)                using `UNDEFINED' on input line 167.


LaTeX Warning: Reference `lastpage' on page 13 undefined on input line 167.

[13 <./figures/gallery/obvious.png (PNG copy)>]
<figures/gallery/dominant.png, id=135, 262.9825pt x 161.60374pt>
File: figures/gallery/dominant.png Graphic file (type png)

<use figures/gallery/dominant.png>
Overfull \hbox (1.91179pt too wide) in paragraph at lines 169--170
 [][] 
 []


Underfull \vbox (badness 10000) has occurred while \output is active []



Package hyperref Warning: Empty destination name,
(hyperref)                using `UNDEFINED' on input line 174.


LaTeX Warning: Reference `lastpage' on page 14 undefined on input line 174.

[14 <./figures/gallery/dominant.png (PNG copy)>]
<figures/gallery/odd.png, id=144, 640.3925pt x 761.84625pt>
File: figures/gallery/odd.png Graphic file (type png)

<use figures/gallery/odd.png>
Overfull \hbox (1.89476pt too wide) in paragraph at lines 176--177
 [][] 
 []


Underfull \vbox (badness 10000) has occurred while \output is active []



Package hyperref Warning: Empty destination name,
(hyperref)                using `UNDEFINED' on input line 181.


LaTeX Warning: Reference `lastpage' on page 15 undefined on input line 181.

[15 <./figures/gallery/odd.png (PNG copy)>]
<figures/gallery/notodd.png, id=153, 638.385pt x 762.85pt>
File: figures/gallery/notodd.png Graphic file (type png)

<use figures/gallery/notodd.png>
Overfull \hbox (1.89665pt too wide) in paragraph at lines 183--184
 [][] 
 []


Underfull \vbox (badness 10000) has occurred while \output is active []



Package hyperref Warning: Empty destination name,
(hyperref)                using `UNDEFINED' on input line 188.


LaTeX Warning: Reference `lastpage' on page 16 undefined on input line 188.

[16 <./figures/gallery/notodd.png (PNG copy)>]
<figures/gallery/completelyround.png, id=162, 636.3775pt x 765.86125pt>
File: figures/gallery/completelyround.png Graphic file (type png)

<use figures/gallery/completelyround.png>
Overfull \hbox (1.88858pt too wide) in paragraph at lines 190--191
 [][] 
 []


Underfull \vbox (badness 10000) has occurred while \output is active []



Package hyperref Warning: Empty destination name,
(hyperref)                using `UNDEFINED' on input line 195.


LaTeX Warning: Reference `lastpage' on page 17 undefined on input line 195.

[17 <./figures/gallery/completelyround.png (PNG copy)>]
<figures/gallery/inbetween.png, id=171, 636.3775pt x 760.8425pt>
File: figures/gallery/inbetween.png Graphic file (type png)

<use figures/gallery/inbetween.png>
Overfull \hbox (1.88858pt too wide) in paragraph at lines 197--198
 [][] 
 []


Underfull \vbox (badness 10000) has occurred while \output is active []



Package hyperref Warning: Empty destination name,
(hyperref)                using `UNDEFINED' on input line 202.


LaTeX Warning: Reference `lastpage' on page 18 undefined on input line 202.

[18 <./figures/gallery/inbetween.png (PNG copy)>]
<figures/gallery/cigarshaped.png, id=180, 637.38126pt x 765.86125pt>
File: figures/gallery/cigarshaped.png Graphic file (type png)

<use figures/gallery/cigarshaped.png>
Overfull \hbox (1.889pt too wide) in paragraph at lines 204--205
 [][] 
 []


Underfull \vbox (badness 10000) has occurred while \output is active []



Package hyperref Warning: Empty destination name,
(hyperref)                using `UNDEFINED' on input line 209.


LaTeX Warning: Reference `lastpage' on page 19 undefined on input line 209.

[19 <./figures/gallery/cigarshaped.png (PNG copy)>]
<figures/gallery/ring.png, id=190, 636.3775pt x 758.835pt>
File: figures/gallery/ring.png Graphic file (type png)

<use figures/gallery/ring.png>
Overfull \hbox (1.88858pt too wide) in paragraph at lines 211--212
 [][] 
 []


Underfull \vbox (badness 10000) has occurred while \output is active []



Package hyperref Warning: Empty destination name,
(hyperref)                using `UNDEFINED' on input line 216.


LaTeX Warning: Reference `lastpage' on page 20 undefined on input line 216.

[20 <./figures/gallery/ring.png (PNG copy)>]
<figures/gallery/lens.png, id=199, 640.3925pt x 163.61125pt>
File: figures/gallery/lens.png Graphic file (type png)

<use figures/gallery/lens.png>
Overfull \hbox (1.89476pt too wide) in paragraph at lines 218--219
 [][] 
 []


Underfull \vbox (badness 10000) has occurred while \output is active []



Package hyperref Warning: Empty destination name,
(hyperref)                using `UNDEFINED' on input line 223.


LaTeX Warning: Reference `lastpage' on page 21 undefined on input line 223.

[21 <./figures/gallery/lens.png (PNG copy)>]
<figures/gallery/disturbed.png, id=208, 643.40375pt x 617.30624pt>
File: figures/gallery/disturbed.png Graphic file (type png)

<use figures/gallery/disturbed.png>
Overfull \hbox (1.90755pt too wide) in paragraph at lines 225--226
 [][] 
 []


Underfull \vbox (badness 10000) has occurred while \output is active []



Package hyperref Warning: Empty destination name,
(hyperref)                using `UNDEFINED' on input line 230.


LaTeX Warning: Reference `lastpage' on page 22 undefined on input line 230.

[22 <./figures/gallery/disturbed.png (PNG copy)>]
<figures/gallery/irregular.png, id=217, 638.385pt x 760.8425pt>
File: figures/gallery/irregular.png Graphic file (type png)

<use figures/gallery/irregular.png>
Overfull \hbox (1.89665pt too wide) in paragraph at lines 232--233
 [][] 
 []


Underfull \vbox (badness 10000) has occurred while \output is active []



Package hyperref Warning: Empty destination name,
(hyperref)                using `UNDEFINED' on input line 237.


LaTeX Warning: Reference `lastpage' on page 23 undefined on input line 237.

[23 <./figures/gallery/irregular.png (PNG copy)>]
<figures/gallery/other.png, id=226, 638.385pt x 765.86125pt>
File: figures/gallery/other.png Graphic file (type png)

<use figures/gallery/other.png>
Overfull \hbox (1.89665pt too wide) in paragraph at lines 239--240
 [][] 
 []


Underfull \vbox (badness 10000) has occurred while \output is active []



Package hyperref Warning: Empty destination name,
(hyperref)                using `UNDEFINED' on input line 244.


LaTeX Warning: Reference `lastpage' on page 24 undefined on input line 244.

[24 <./figures/gallery/other.png (PNG copy)>]
<figures/gallery/merger.png, id=235, 637.38126pt x 763.85374pt>
File: figures/gallery/merger.png Graphic file (type png)

<use figures/gallery/merger.png>
Overfull \hbox (1.889pt too wide) in paragraph at lines 246--247
 [][] 
 []


Underfull \vbox (badness 10000) has occurred while \output is active []



Package hyperref Warning: Empty destination name,
(hyperref)                using `UNDEFINED' on input line 251.


LaTeX Warning: Reference `lastpage' on page 25 undefined on input line 251.

[25 <./figures/gallery/merger.png (PNG copy)>]
<figures/gallery/dustlane.png, id=245, 635.37375pt x 757.83125pt>
File: figures/gallery/dustlane.png Graphic file (type png)

<use figures/gallery/dustlane.png>
Overfull \hbox (1.90501pt too wide) in paragraph at lines 253--254
 [][] 
 []


Underfull \vbox (badness 10000) has occurred while \output is active []



Package hyperref Warning: Empty destination name,
(hyperref)                using `UNDEFINED' on input line 258.


LaTeX Warning: Reference `lastpage' on page 26 undefined on input line 258.

[26 <./figures/gallery/dustlane.png (PNG copy)>]
<figures/gallery/roundedbulge.png, id=254, 643.40375pt x 766.865pt>
File: figures/gallery/roundedbulge.png Graphic file (type png)

<use figures/gallery/roundedbulge.png>
Overfull \hbox (1.90755pt too wide) in paragraph at lines 260--261
 [][] 
 []


Underfull \vbox (badness 10000) has occurred while \output is active []



Package hyperref Warning: Empty destination name,
(hyperref)                using `UNDEFINED' on input line 265.


LaTeX Warning: Reference `lastpage' on page 27 undefined on input line 265.

[27 <./figures/gallery/roundedbulge.png (PNG copy)>]
<figures/gallery/boxybulge.png, id=263, 638.385pt x 315.1775pt>
File: figures/gallery/boxybulge.png Graphic file (type png)

<use figures/gallery/boxybulge.png>
Overfull \hbox (1.89665pt too wide) in paragraph at lines 267--268
 [][] 
 []


Underfull \vbox (badness 10000) has occurred while \output is active []



Package hyperref Warning: Empty destination name,
(hyperref)                using `UNDEFINED' on input line 272.


LaTeX Warning: Reference `lastpage' on page 28 undefined on input line 272.

[28 <./figures/gallery/boxybulge.png (PNG copy)>]
<figures/gallery/noedgeonbulge.png, id=272, 636.3775pt x 763.85374pt>
File: figures/gallery/noedgeonbulge.png Graphic file (type png)

<use figures/gallery/noedgeonbulge.png>
Overfull \hbox (1.88858pt too wide) in paragraph at lines 274--275
 [][] 
 []


Underfull \vbox (badness 10000) has occurred while \output is active []



Package hyperref Warning: Empty destination name,
(hyperref)                using `UNDEFINED' on input line 279.


LaTeX Warning: Reference `lastpage' on page 29 undefined on input line 279.

[29 <./figures/gallery/noedgeonbulge.png (PNG copy)>]
<figures/gallery/tight.png, id=281, 638.385pt x 762.85pt>
File: figures/gallery/tight.png Graphic file (type png)

<use figures/gallery/tight.png>
Overfull \hbox (1.89665pt too wide) in paragraph at lines 281--282
 [][] 
 []


Underfull \vbox (badness 10000) has occurred while \output is active []



Package hyperref Warning: Empty destination name,
(hyperref)                using `UNDEFINED' on input line 286.


LaTeX Warning: Reference `lastpage' on page 30 undefined on input line 286.

[30 <./figures/gallery/tight.png (PNG copy)>]
<figures/gallery/medium.png, id=290, 644.4075pt x 766.865pt>
File: figures/gallery/medium.png Graphic file (type png)

<use figures/gallery/medium.png>
Overfull \hbox (1.91017pt too wide) in paragraph at lines 288--289
 [][] 
 []


Underfull \vbox (badness 10000) has occurred while \output is active []



Package hyperref Warning: Empty destination name,
(hyperref)                using `UNDEFINED' on input line 293.


LaTeX Warning: Reference `lastpage' on page 31 undefined on input line 293.

[31 <./figures/gallery/medium.png (PNG copy)>]
<figures/gallery/loose.png, id=300, 636.3775pt x 765.86125pt>
File: figures/gallery/loose.png Graphic file (type png)

<use figures/gallery/loose.png>
Overfull \hbox (1.88858pt too wide) in paragraph at lines 295--296
 [][] 
 []


Underfull \vbox (badness 10000) has occurred while \output is active []



Package hyperref Warning: Empty destination name,
(hyperref)                using `UNDEFINED' on input line 300.


LaTeX Warning: Reference `lastpage' on page 32 undefined on input line 300.

[32 <./figures/gallery/loose.png (PNG copy)>]
<figures/gallery/spiral1.png, id=309, 637.38126pt x 764.8575pt>
File: figures/gallery/spiral1.png Graphic file (type png)

<use figures/gallery/spiral1.png>
Overfull \hbox (1.889pt too wide) in paragraph at lines 302--303
 [][] 
 []


Underfull \vbox (badness 10000) has occurred while \output is active []



Package hyperref Warning: Empty destination name,
(hyperref)                using `UNDEFINED' on input line 307.


LaTeX Warning: Reference `lastpage' on page 33 undefined on input line 307.

[33 <./figures/gallery/spiral1.png (PNG copy)>]
<figures/gallery/spiral2.png, id=318, 639.38875pt x 764.8575pt>
File: figures/gallery/spiral2.png Graphic file (type png)

<use figures/gallery/spiral2.png>
Overfull \hbox (1.89207pt too wide) in paragraph at lines 309--310
 [][] 
 []


Underfull \vbox (badness 10000) has occurred while \output is active []



Package hyperref Warning: Empty destination name,
(hyperref)                using `UNDEFINED' on input line 314.


LaTeX Warning: Reference `lastpage' on page 34 undefined on input line 314.

[34 <./figures/gallery/spiral2.png (PNG copy)>]
<figures/gallery/spiral3.png, id=327, 637.38126pt x 762.85pt>
File: figures/gallery/spiral3.png Graphic file (type png)

<use figures/gallery/spiral3.png>
Overfull \hbox (1.889pt too wide) in paragraph at lines 316--317
 [][] 
 []


Underfull \vbox (badness 10000) has occurred while \output is active []



Package hyperref Warning: Empty destination name,
(hyperref)                using `UNDEFINED' on input line 321.


LaTeX Warning: Reference `lastpage' on page 35 undefined on input line 321.

[35 <./figures/gallery/spiral3.png (PNG copy)>]
<figures/gallery/spiral4.png, id=336, 643.40375pt x 764.8575pt>
File: figures/gallery/spiral4.png Graphic file (type png)

<use figures/gallery/spiral4.png>
Overfull \hbox (1.90755pt too wide) in paragraph at lines 323--324
 [][] 
 []


Underfull \vbox (badness 10000) has occurred while \output is active []



Package hyperref Warning: Empty destination name,
(hyperref)                using `UNDEFINED' on input line 328.


LaTeX Warning: Reference `lastpage' on page 36 undefined on input line 328.

[36 <./figures/gallery/spiral4.png (PNG copy)>]
<figures/gallery/spiralmorethan4.png, id=345, 639.38875pt x 764.8575pt>
File: figures/gallery/spiralmorethan4.png Graphic file (type png)

<use figures/gallery/spiralmorethan4.png>
Overfull \hbox (1.89207pt too wide) in paragraph at lines 330--331
 [][] 
 []


Underfull \vbox (badness 10000) has occurred while \output is active []



Package hyperref Warning: Empty destination name,
(hyperref)                using `UNDEFINED' on input line 335.


LaTeX Warning: Reference `lastpage' on page 37 undefined on input line 335.

[37 <./figures/gallery/spiralmorethan4.png (PNG copy)>]
<figures/gallery/spiralcanttell.png, id=355, 637.38126pt x 761.84625pt>
File: figures/gallery/spiralcanttell.png Graphic file (type png)

<use figures/gallery/spiralcanttell.png>
Overfull \hbox (1.889pt too wide) in paragraph at lines 337--338
 [][] 
 []


Underfull \vbox (badness 10000) has occurred while \output is active []



Package hyperref Warning: Empty destination name,
(hyperref)                using `UNDEFINED' on input line 341.


LaTeX Warning: Reference `lastpage' on page 38 undefined on input line 341.

[38 <./figures/gallery/spiralcanttell.png (PNG copy)>] (./gz2_gallery.aux)

LaTeX Warning: There were undefined references.

 ) 
Here is how much of TeX's memory you used:
 5753 strings out of 493848
 82785 string characters out of 3149207
 152475 words of memory out of 3000000
 8825 multiletter control sequences out of 15000+200000
 16235 words of font info for 58 fonts, out of 3000000 for 9000
 714 hyphenation exceptions out of 8191
 38i,15n,34p,395b,425s stack positions out of 5000i,500n,10000p,200000b,50000s
pdfTeX warning (dest): name{UNDEFINED} has been referenced but does not exist
, replaced by a fixed one

</usr/local/texlive/2009/texmf-dist/fonts/type1/public/amsfonts/cm/cmbx10.pfb><
/usr/local/texlive/2009/texmf-dist/fonts/type1/public/amsfonts/cm/cmbx12.pfb></
usr/local/texlive/2009/texmf-dist/fonts/type1/public/amsfonts/cm/cmbx8.pfb></us
r/local/texlive/2009/texmf-dist/fonts/type1/public/amsfonts/cm/cmbx9.pfb></usr/
local/texlive/2009/texmf-dist/fonts/type1/public/amsfonts/cm/cmmi10.pfb></usr/l
ocal/texlive/2009/texmf-dist/fonts/type1/public/amsfonts/cm/cmmi6.pfb></usr/loc
al/texlive/2009/texmf-dist/fonts/type1/public/amsfonts/cm/cmmi8.pfb></usr/local
/texlive/2009/texmf-dist/fonts/type1/public/amsfonts/cm/cmr10.pfb></usr/local/t
exlive/2009/texmf-dist/fonts/type1/public/amsfonts/cm/cmr12.pfb></usr/local/tex
live/2009/texmf-dist/fonts/type1/public/amsfonts/cm/cmr6.pfb></usr/local/texliv
e/2009/texmf-dist/fonts/type1/public/amsfonts/cm/cmr8.pfb></usr/local/texlive/2
009/texmf-dist/fonts/type1/public/amsfonts/cm/cmsy8.pfb></usr/local/texlive/200
9/texmf-dist/fonts/type1/public/amsfonts/cm/cmti12.pfb></usr/local/texlive/2009
/texmf-dist/fonts/type1/public/amsfonts/cm/cmti8.pfb></usr/local/texlive/2009/t
exmf-dist/fonts/type1/public/amsfonts/cm/cmtt8.pfb>
Output written on gz2_gallery.pdf (38 pages, 18807159 bytes).
PDF statistics:
 431 PDF objects out of 1000 (max. 8388607)
 77 named destinations out of 1000 (max. 500000)
 186 words of extra memory for PDF output out of 10000 (max. 10000000)

