This is pdfTeX, Version 3.1415926-1.40.10 (TeX Live 2009) (format=latex 2009.11.7)  20 FEB 2013 04:17
entering extended mode
 file:line:error style messages enabled.
 %&-line parsing enabled.
**gz2datarelease.tex
(./gz2datarelease.tex
LaTeX2e <2009/09/24>
Babel <v3.8l> and hyphenation patterns for english, usenglishmax, dumylang, noh
yphenation, german-x-2009-06-19, ngerman-x-2009-06-19, ancientgreek, ibycus, ar
abic, basque, bulgarian, catalan, pinyin, coptic, croatian, czech, danish, dutc
h, esperanto, estonian, farsi, finnish, french, galician, german, ngerman, mono
greek, greek, hungarian, icelandic, indonesian, interlingua, irish, italian, ku
rmanji, latin, latvian, lithuanian, mongolian, mongolian2a, bokmal, nynorsk, po
lish, portuguese, romanian, russian, sanskrit, serbian, slovak, slovenian, span
ish, swedish, turkish, ukenglish, ukrainian, uppersorbian, welsh, loaded.
(/Users/willettk/Library/texmf/tex/latex/mn2e.cls
Document Class: mn2e 2001/02/06 v2.2 LaTeX2e MN document class
Document Style `MN' v2.2, released 2001 February 20
\math@groups=\toks14
LaTeX Font Info:    Overwriting symbol font `symbols' in version `bold'
(Font)                  OMS/cmsy/b/n --> OMS/cmsy/b/n on input line 223.
\symbmisymbols=\mathgroup4
\symUPM=\mathgroup5
LaTeX Font Info:    Overwriting symbol font `UPM' in version `bold'
(Font)                  U/eur/m/n --> U/eur/b/n on input line 260.
\symAMSa=\mathgroup6
\SFB@measure=\dimen102
\realparindent=\skip41
\c@part=\count79
\c@section=\count80
\c@subsection=\count81
\c@subsubsection=\count82
\c@paragraph=\count83
\c@subparagraph=\count84
\@indentskip=\skip42
\smallindent=\skip43
\@footindent=\skip44
\@leftskip=\skip45
\c@dummy=\count85
(/Users/willettk/Library/texmf/tex/latex/natbib.sty
Package: natbib 2003/06/06 7.1 (PWD)
\bibhang=\skip46
\bibsep=\skip47
LaTeX Info: Redefining \cite on input line 518.
\c@NAT@ctr=\count86
)
\c@table=\count87
\c@figure=\count88
\mathindent=\dimen103
)
(/usr/local/texlive/2009/texmf-dist/tex/latex/graphics/graphicx.sty
Package: graphicx 1999/02/16 v1.0f Enhanced LaTeX Graphics (DPC,SPQR)

(/usr/local/texlive/2009/texmf-dist/tex/latex/graphics/keyval.sty
Package: keyval 1999/03/16 v1.13 key=value parser (DPC)
\KV@toks@=\toks15
)
(/usr/local/texlive/2009/texmf-dist/tex/latex/graphics/graphics.sty
Package: graphics 2009/02/05 v1.0o Standard LaTeX Graphics (DPC,SPQR)

(/usr/local/texlive/2009/texmf-dist/tex/latex/graphics/trig.sty
Package: trig 1999/03/16 v1.09 sin cos tan (DPC)
)
(/usr/local/texlive/2009/texmf-dist/tex/latex/latexconfig/graphics.cfg
File: graphics.cfg 2009/08/28 v1.8 graphics configuration of TeX Live
)
Package graphics Info: Driver file: dvips.def on input line 91.

(/usr/local/texlive/2009/texmf-dist/tex/latex/graphics/dvips.def
File: dvips.def 1999/02/16 v3.0i Driver-dependant file (DPC,SPQR)
))
\Gin@req@height=\dimen104
\Gin@req@width=\dimen105
)
(/usr/local/texlive/2009/texmf-dist/tex/latex/tools/verbatim.sty
Package: verbatim 2003/08/22 v1.5q LaTeX2e package for verbatim enhancements
\every@verbatim=\toks16
\verbatim@line=\toks17
\verbatim@in@stream=\read1
)
(/usr/local/texlive/2009/texmf-dist/tex/latex/amsmath/amsmath.sty
Package: amsmath 2000/07/18 v2.13 AMS math features
\@mathmargin=\skip48

For additional information on amsmath, use the `?' option.
(/usr/local/texlive/2009/texmf-dist/tex/latex/amsmath/amstext.sty
Package: amstext 2000/06/29 v2.01

(/usr/local/texlive/2009/texmf-dist/tex/latex/amsmath/amsgen.sty
File: amsgen.sty 1999/11/30 v2.0
\@emptytoks=\toks18
\ex@=\dimen106
))
(/usr/local/texlive/2009/texmf-dist/tex/latex/amsmath/amsbsy.sty
Package: amsbsy 1999/11/29 v1.2d
\pmbraise@=\dimen107
)
(/usr/local/texlive/2009/texmf-dist/tex/latex/amsmath/amsopn.sty
Package: amsopn 1999/12/14 v2.01 operator names
)
\inf@bad=\count89
LaTeX Info: Redefining \frac on input line 211.
\uproot@=\count90
\leftroot@=\count91
LaTeX Info: Redefining \overline on input line 307.
\classnum@=\count92
\DOTSCASE@=\count93
LaTeX Info: Redefining \ldots on input line 379.
LaTeX Info: Redefining \dots on input line 382.
LaTeX Info: Redefining \cdots on input line 467.
\Mathstrutbox@=\box26
\strutbox@=\box27
\big@size=\dimen108
LaTeX Font Info:    Redeclaring font encoding OML on input line 567.
LaTeX Font Info:    Redeclaring font encoding OMS on input line 568.
\macc@depth=\count94
\c@MaxMatrixCols=\count95
\dotsspace@=\muskip10
\c@parentequation=\count96
\dspbrk@lvl=\count97
\tag@help=\toks19
\row@=\count98
\column@=\count99
\maxfields@=\count100
\andhelp@=\toks20
\eqnshift@=\dimen109
\alignsep@=\dimen110
\tagshift@=\dimen111
\tagwidth@=\dimen112
\totwidth@=\dimen113
\lineht@=\dimen114
\@envbody=\toks21
\multlinegap=\skip49
\multlinetaggap=\skip50
\mathdisplay@stack=\toks22
LaTeX Info: Redefining \[ on input line 2666.
LaTeX Info: Redefining \] on input line 2667.
)
(/usr/local/texlive/2009/texmf-dist/tex/latex/graphics/color.sty
Package: color 2005/11/14 v1.0j Standard LaTeX Color (DPC)

(/usr/local/texlive/2009/texmf-dist/tex/latex/latexconfig/color.cfg
File: color.cfg 2007/01/18 v1.5 color configuration of teTeX/TeXLive
)
Package color Info: Driver file: dvips.def on input line 130.

(/usr/local/texlive/2009/texmf-dist/tex/latex/graphics/dvipsnam.def
File: dvipsnam.def 1999/02/16 v3.0i Driver-dependant file (DPC,SPQR)
))
(./deluxetable.sty
Package: deluxetable 
\pt@box=\box28
\pt@width=\dimen115
\pt@line=\count101
\pt@column=\count102
\pt@nlines=\count103
\pt@ncol=\count104
\pt@page=\count105
\pt@tmpcapwidth=\dimen116
)
(/usr/local/texlive/2009/texmf-dist/tex/latex/tools/enumerate.sty
Package: enumerate 1999/03/05 v3.00 enumerate extensions (DPC)
\@enLab=\toks23
)
(/usr/local/texlive/2009/texmf-dist/tex/latex/comment/comment.sty
\CommentStream=\write3

Excluding comment 'comment') (./gz2datarelease.aux)
\openout1 = `gz2datarelease.aux'.

LaTeX Font Info:    Checking defaults for OML/cmm/m/it on input line 63.
LaTeX Font Info:    ... okay on input line 63.
LaTeX Font Info:    Checking defaults for T1/cmr/m/n on input line 63.
LaTeX Font Info:    ... okay on input line 63.
LaTeX Font Info:    Checking defaults for OT1/cmr/m/n on input line 63.
LaTeX Font Info:    ... okay on input line 63.
LaTeX Font Info:    Checking defaults for OMS/cmsy/m/n on input line 63.
LaTeX Font Info:    ... okay on input line 63.
LaTeX Font Info:    Checking defaults for OMX/cmex/m/n on input line 63.
LaTeX Font Info:    ... okay on input line 63.
LaTeX Font Info:    Checking defaults for U/cmr/m/n on input line 63.
LaTeX Font Info:    ... okay on input line 63.
LaTeX Font Info:    Try loading font information for U+eur on input line 69.

(/usr/local/texlive/2009/texmf-dist/tex/latex/amsfonts/ueur.fd
File: ueur.fd 2009/06/22 v3.00 Euler Roman
)
LaTeX Font Info:    Try loading font information for U+msa on input line 69.

(/usr/local/texlive/2009/texmf-dist/tex/latex/amsfonts/umsa.fd
File: umsa.fd 2009/06/22 v3.00 AMS symbols A
)
Underfull \hbox (badness 10000) in paragraph at lines 69--69

 []

Missing character: There is no Þ in font cmr9!

Underfull \vbox (badness 10000) has occurred while \output is active []

LaTeX Font Info:    Try loading font information for OMS+cmr on input line 91.

(/usr/local/texlive/2009/texmf-dist/tex/latex/base/omscmr.fd
File: omscmr.fd 1999/05/25 v2.5h Standard LaTeX font definitions
)
LaTeX Font Info:    Font shape `OMS/cmr/m/n' in size <8> not available
(Font)              Font shape `OMS/cmsy/m/n' tried instead on input line 91.
 [1


]
LaTeX Font Info:    Font shape `OMS/cmr/m/n' in size <9> not available
(Font)              Font shape `OMS/cmsy/m/n' tried instead on input line 102.


LaTeX Warning: Reference `ssec-mainsample' on page 2 undefined on input line 10
2.


Overfull \hbox (16.63005pt too wide) in paragraph at lines 116--145
[][] 
 []

[2]
File: figures/Untitled.eps Graphic file (type eps)
 <figures/Untitled.eps>
Overfull \hbox (58.93411pt too wide) in paragraph at lines 163--226
[][] 
 []

[3]
File: figures/user_consistency.eps Graphic file (type eps)
 <figures/user_consistency.eps>
File: figures/gz2_type_fractions.eps Graphic file (type eps)
 <figures/gz2_type_fractions.eps>
Overfull \hbox (1.8784pt too wide) in paragraph at lines 322--324
 [][] 
 []

[4]
Underfull \vbox (badness 10000) has occurred while \output is active []


Underfull \vbox (badness 3049) has occurred while \output is active []

 [5]
File: figures/gz2_baselines.eps Graphic file (type eps)

<figures/gz2_baselines.eps>
Overfull \hbox (1.87442pt too wide) in paragraph at lines 387--389
 [][] 
 []

File: figures/gz2_bias_demo_task01.ps Graphic file (type eps)
<figures/gz2_bias_demo_task01.ps>
Overfull \hbox (1.89pt too wide) in paragraph at lines 422--424
 [][] 
 []


Underfull \hbox (badness 1107) in paragraph at lines 429--430
\OT1/cmr/m/n/9 num-ber of users who have class-fied the galaxy, while
 []


Underfull \hbox (badness 10000) in paragraph at lines 429--430
\OT1/cmr/m/n/9 votes (eg, \OT1/cmtt/m/n/9 t01[]smooth[]or[]features[]a01[]smoot
h[]count\OT1/cmr/m/n/9 ),
 []


Underfull \hbox (badness 10000) in paragraph at lines 429--430
\OT1/cmr/m/n/9 the num-ber of votes weighted for con-sis-tency
 []


Underfull \hbox (badness 10000) in paragraph at lines 429--430
\OT1/cmr/m/n/9 frac-tion \OT1/cmtt/m/n/9 t01[]smooth[]or[]features[]a01[]smooth
[]fraction\OT1/cmr/m/n/9 ,
 []


Underfull \hbox (badness 10000) in paragraph at lines 429--430
\OT1/cmr/m/n/9 the vote frac-tion weighted for con-sis-tency
 []


Underfull \hbox (badness 10000) in paragraph at lines 429--430
\OT1/cmtt/m/n/9 t01[]smooth[]or[]features[]a01[]smooth[]weighted[]fraction\OT1/
cmr/m/n/9 ,
 []


Overfull \hbox (45.64377pt too wide) in paragraph at lines 429--430
\OT1/cmr/m/n/9 the de-bi-ased like-li-hood \OT1/cmtt/m/n/9 t01[]smooth[]or[]fea
tures[]a01[]smooth[]debiased\OT1/cmr/m/n/9 ,
 []


Underfull \hbox (badness 5022) in paragraph at lines 429--430
\OT1/cmr/m/n/9 which is the weighted frac-tion ad-justed for clas-si-
 []


Underfull \hbox (badness 3803) in paragraph at lines 429--430
\OT1/cmr/m/n/9 fi-ca-tion bias (see Sec-tion 3.3[]), and a boolean flag
 []


Underfull \hbox (badness 10000) in paragraph at lines 429--430
\OT1/cmtt/m/n/9 t01[]smooth[]or[]features[]a01[]smooth[]flag \OT1/cmr/m/n/9 tha
t is set
 []

[6]

LaTeX Warning: Reference `tbl-s82coadd1' on page 7 undefined on input line 435.



LaTeX Warning: Reference `tbl-s82coadd2' on page 7 undefined on input line 435.



Underfull \vbox (badness 10000) has occurred while \output is active []



LaTeX Warning: Reference `tbl-gz2_s82_remainder' on page 7 undefined on input l
ine 437.


LaTeX Warning: Reference `tbl-gz2main' on page 7 undefined on input line 439.

[7]
Underfull \vbox (badness 10000) has occurred while \output is active []

 [8]
File: figures/stripe82_coadd_compare.ps Graphic file (type eps)

<figures/stripe82_coadd_compare.ps>
Overfull \hbox (1.89378pt too wide) in paragraph at lines 485--487
 [][] 
 []


LaTeX Warning: Reference `eqn-adjust' on page 9 undefined on input line 520.


Underfull \vbox (badness 4995) has occurred while \output is active []

File: figures/gz2_stripe82_type_fractions.eps Graphic file (type eps)

<figures/gz2_stripe82_type_fractions.eps>
Overfull \hbox (1.8988pt too wide) in paragraph at lines 527--529
 [][] 
 []

[9]
File: figures/gz1_gz2.eps Graphic file (type eps)
 <figures/gz1_gz2.eps>
Overfull \hbox (1.89464pt too wide) in paragraph at lines 557--559
 [][] 
 []


Underfull \vbox (badness 10000) has occurred while \output is active []

 [10]
Underfull \vbox (badness 10000) has occurred while \output is active []

 [11]
Underfull \hbox (badness 1642) in paragraph at lines 583--584
[]\OT1/cmr/m/n/9 Several of the fine struc-ture fea-tures can be di-
 []


Underfull \hbox (badness 2809) in paragraph at lines 583--584
\OT1/cmr/m/n/9 rectly com-pared to the GZ2 data: bars, rings, and
 []

File: figures/na_bars_axial_10.ps Graphic file (type eps)
<figures/na_bars_axial_10.ps>
Overfull \hbox (1.89378pt too wide) in paragraph at lines 590--592
 [][] 
 []

File: figures/na_rings_axial.ps Graphic file (type eps)
<figures/na_rings_axial.ps>
Overfull \hbox (1.89378pt too wide) in paragraph at lines 608--610
 [][] 
 []

[12]
Underfull \vbox (badness 10000) has occurred while \output is active []

File: figures/na_pairs.ps Graphic file (type eps)

<figures/na_pairs.ps>
Overfull \hbox (1.89378pt too wide) in paragraph at lines 632--634
 [][] 
 []

[13]
Underfull \vbox (badness 10000) has occurred while \output is active []

File: figures/na_ttype.eps Graphic file (type eps)

<figures/na_ttype.eps>
Overfull \hbox (1.88226pt too wide) in paragraph at lines 653--655
 [][] 
 []

[14]
Underfull \vbox (badness 10000) has occurred while \output is active []

 [15]
File: figures/spiraltightness_color.ps Graphic file (type eps)

<figures/spiraltightness_color.ps>
Overfull \hbox (1.90126pt too wide) in paragraph at lines 667--669
 [][] 
 []

File: figures/bulgeprominence_color.ps Graphic file (type eps)
<figures/bulgeprominence_color.ps>
Overfull \hbox (1.90126pt too wide) in paragraph at lines 685--687
 [][] 
 []

File: figures/wbulge_wspiral.ps Graphic file (type eps)
<figures/wbulge_wspiral.ps>
Overfull \hbox (1.90126pt too wide) in paragraph at lines 691--693
 [][] 
 []

[16]
Underfull \vbox (badness 10000) has occurred while \output is active []


Underfull \vbox (badness 5533) has occurred while \output is active []

 [17]
Underfull \vbox (badness 6016) has occurred while \output is active []

 [18]
Underfull \hbox (badness 10000) in paragraph at lines 741--742
[]\OT1/cmr/m/n/9 spiral arms: \OT1/cmtt/m/n/9 arm strength, arm curvature,
 []


Underfull \hbox (badness 10000) in paragraph at lines 742--743
[]\OT1/cmr/m/n/9 texture: \OT1/cmtt/m/n/9 visible dust, dust dispersion,
 []


Underfull \hbox (badness 10000) in paragraph at lines 743--744
[]\OT1/cmr/m/n/9 dynamics: \OT1/cmtt/m/n/9 bar length, inner ring, outer ring,
 []


Underfull \vbox (badness 4686) has occurred while \output is active []

File: figures/efigi_bars.eps Graphic file (type eps)

<figures/efigi_bars.eps>
Overfull \hbox (1.87675pt too wide) in paragraph at lines 753--755
 [][] 
 []

[19]
Underfull \vbox (badness 10000) has occurred while \output is active []

File: figures/efigi_arm_curvature.eps Graphic file (type eps)

<figures/efigi_arm_curvature.eps>
Overfull \hbox (1.89pt too wide) in paragraph at lines 773--775
 [][] 
 []

[20]
File: figures/hc_histogram.eps Graphic file (type eps)
 <figures/hc_histogram.eps>
Overfull \hbox (1.8977pt too wide) in paragraph at lines 795--797
 [][] 
 []


Underfull \vbox (badness 10000) has occurred while \output is active []

 [21]
Underfull \vbox (badness 10000) has occurred while \output is active []

File: figures/hc_gz2.eps Graphic file (type eps)

<figures/hc_gz2.eps>
Overfull \hbox (1.8977pt too wide) in paragraph at lines 824--826
 [][] 
 []

File: figures/hc_gz2_subclass.eps Graphic file (type eps)
<figures/hc_gz2_subclass.eps>
File: figures/hc_gz2_bulge_contour.eps Graphic file (type eps)
 <figures/hc_gz2_bulge_contour.eps>
(./gz2datarelease.bbl [22] [23]
Underfull \vbox (badness 10000) has occurred while \output is active []


Underfull \vbox (badness 10000) has occurred while \output is active []

 [24])
[25

]
Table 3 has been set to width 634.37367pt
Table 4 has been set to width 634.37366pt
[26]
Overfull \hbox (264.0pt too wide) in paragraph at lines 982--982
 []$ 
 []


Overfull \hbox (219.20279pt too wide) in paragraph at lines 982--1022
 [][] 
 []


Overfull \hbox (219.20279pt too wide) in paragraph at lines 1022--1022
 []$[]$ 
 []

Table 5 has been set to width 459.20279pt

Underfull \vbox (badness 10000) has occurred while \output is active []

 [27



]
(./gz2datarelease.aux)

LaTeX Warning: There were undefined references.


LaTeX Warning: Label(s) may have changed. Rerun to get cross-references right.

 ) 
Here is how much of TeX's memory you used:
 2243 strings out of 493849
 27714 string characters out of 3149230
 103177 words of memory out of 3000000
 5477 multiletter control sequences out of 15000+200000
 18565 words of font info for 66 fonts, out of 3000000 for 9000
 714 hyphenation exceptions out of 8191
 31i,15n,34p,1465b,361s stack positions out of 5000i,500n,10000p,200000b,50000s

Output written on gz2datarelease.dvi (27 pages, 163744 bytes).
