\BOOKMARK [1][-]{section.1}{Introduction}{}
\BOOKMARK [1][-]{section.2}{Project description}{}
\BOOKMARK [2][-]{subsection.2.1}{Sample selection}{section.2}
\BOOKMARK [2][-]{subsection.2.2}{Decision tree}{section.2}
\BOOKMARK [1][-]{section.3}{Data reduction}{}
\BOOKMARK [2][-]{subsection.3.1}{Multiple classifications}{section.3}
\BOOKMARK [2][-]{subsection.3.2}{Consistency and invididual user weighting}{section.3}
\BOOKMARK [2][-]{subsection.3.3}{Classification bias}{section.3}
\BOOKMARK [1][-]{section.4}{The catalog}{}
\BOOKMARK [2][-]{subsection.4.1}{Main sample}{section.4}
\BOOKMARK [2][-]{subsection.4.2}{Stripe 82}{section.4}
\BOOKMARK [2][-]{subsection.4.3}{Additional data}{section.4}
\BOOKMARK [1][-]{section.5}{Comparison of GZ2 to other classification methods}{}
\BOOKMARK [2][-]{subsection.5.1}{Galaxy Zoo 1 vs. Galaxy Zoo 2}{section.5}
\BOOKMARK [2][-]{subsection.5.2}{Nair \046 Abraham}{section.5}
\BOOKMARK [2][-]{subsection.5.3}{EFIGI}{section.5}
\BOOKMARK [2][-]{subsection.5.4}{Huertas-Company \205 automated classifications}{section.5}
\BOOKMARK [2][-]{subsection.5.5}{Other classification schemes}{section.5}
\BOOKMARK [1][-]{section.6}{Astronomy}{}
\BOOKMARK [1][-]{section.7}{Conclusions}{}
